{"/home/liberai/whago/baileys-service/src/server.js": {"path":"/home/liberai/whago/baileys-service/src/server.js","statementMap":{"0":{"start":{"line":10,"column":13},"end":{"line":10,"column":28}},"1":{"start":{"line":12,"column":13},"end":{"line":12,"column":28}},"2":{"start":{"line":13,"column":16},"end":{"line":13,"column":34}},"3":{"start":{"line":14,"column":15},"end":{"line":14,"column":32}},"4":{"start":{"line":15,"column":15},"end":{"line":15,"column":32}},"5":{"start":{"line":16,"column":19},"end":{"line":16,"column":39}},"6":{"start":{"line":17,"column":23},"end":{"line":17,"column":38}},"7":{"start":{"line":18,"column":18},"end":{"line":18,"column":39}},"8":{"start":{"line":20,"column":21},"end":{"line":174,"column":1}},"9":{"start":{"line":21,"column":14},"end":{"line":21,"column":23}},"10":{"start":{"line":22,"column":21},"end":{"line":22,"column":43}},"11":{"start":{"line":24,"column":13},"end":{"line":30,"column":4}},"12":{"start":{"line":33,"column":2},"end":{"line":33,"column":56}},"13":{"start":{"line":34,"column":2},"end":{"line":39,"column":4}},"14":{"start":{"line":40,"column":2},"end":{"line":40,"column":42}},"15":{"start":{"line":41,"column":2},"end":{"line":41,"column":50}},"16":{"start":{"line":42,"column":2},"end":{"line":42,"column":45}},"17":{"start":{"line":44,"column":19},"end":{"line":44,"column":71}},"18":{"start":{"line":45,"column":21},"end":{"line":45,"column":73}},"19":{"start":{"line":48,"column":2},"end":{"line":50,"column":5}},"20":{"start":{"line":49,"column":4},"end":{"line":49,"column":57}},"21":{"start":{"line":53,"column":17},"end":{"line":53,"column":33}},"22":{"start":{"line":55,"column":2},"end":{"line":57,"column":5}},"23":{"start":{"line":56,"column":4},"end":{"line":56,"column":92}},"24":{"start":{"line":59,"column":2},"end":{"line":71,"column":5}},"25":{"start":{"line":60,"column":22},"end":{"line":60,"column":36}},"26":{"start":{"line":61,"column":4},"end":{"line":63,"column":5}},"27":{"start":{"line":62,"column":6},"end":{"line":62,"column":64}},"28":{"start":{"line":64,"column":22},"end":{"line":64,"column":30}},"29":{"start":{"line":65,"column":4},"end":{"line":69,"column":7}},"30":{"start":{"line":70,"column":4},"end":{"line":70,"column":66}},"31":{"start":{"line":73,"column":2},"end":{"line":80,"column":5}},"32":{"start":{"line":74,"column":22},"end":{"line":74,"column":35}},"33":{"start":{"line":75,"column":4},"end":{"line":77,"column":5}},"34":{"start":{"line":76,"column":6},"end":{"line":76,"column":71}},"35":{"start":{"line":78,"column":4},"end":{"line":78,"column":28}},"36":{"start":{"line":79,"column":4},"end":{"line":79,"column":34}},"37":{"start":{"line":82,"column":2},"end":{"line":92,"column":5}},"38":{"start":{"line":83,"column":22},"end":{"line":83,"column":35}},"39":{"start":{"line":84,"column":24},"end":{"line":84,"column":47}},"40":{"start":{"line":85,"column":4},"end":{"line":87,"column":5}},"41":{"start":{"line":86,"column":6},"end":{"line":86,"column":71}},"42":{"start":{"line":88,"column":4},"end":{"line":88,"column":40}},"43":{"start":{"line":89,"column":4},"end":{"line":89,"column":58}},"44":{"start":{"line":90,"column":4},"end":{"line":90,"column":41}},"45":{"start":{"line":91,"column":4},"end":{"line":91,"column":48}},"46":{"start":{"line":94,"column":2},"end":{"line":107,"column":5}},"47":{"start":{"line":95,"column":22},"end":{"line":95,"column":35}},"48":{"start":{"line":96,"column":24},"end":{"line":96,"column":47}},"49":{"start":{"line":97,"column":4},"end":{"line":99,"column":5}},"50":{"start":{"line":98,"column":6},"end":{"line":98,"column":71}},"51":{"start":{"line":100,"column":4},"end":{"line":106,"column":7}},"52":{"start":{"line":109,"column":2},"end":{"line":119,"column":5}},"53":{"start":{"line":110,"column":22},"end":{"line":110,"column":35}},"54":{"start":{"line":111,"column":4},"end":{"line":113,"column":5}},"55":{"start":{"line":112,"column":6},"end":{"line":112,"column":71}},"56":{"start":{"line":114,"column":4},"end":{"line":118,"column":7}},"57":{"start":{"line":121,"column":2},"end":{"line":145,"column":5}},"58":{"start":{"line":122,"column":65},"end":{"line":122,"column":79}},"59":{"start":{"line":123,"column":30},"end":{"line":123,"column":55}},"60":{"start":{"line":124,"column":4},"end":{"line":126,"column":5}},"61":{"start":{"line":125,"column":6},"end":{"line":125,"column":66}},"62":{"start":{"line":127,"column":4},"end":{"line":133,"column":5}},"63":{"start":{"line":128,"column":6},"end":{"line":132,"column":9}},"64":{"start":{"line":134,"column":18},"end":{"line":140,"column":5}},"65":{"start":{"line":141,"column":20},"end":{"line":141,"column":59}},"66":{"start":{"line":142,"column":4},"end":{"line":142,"column":24}},"67":{"start":{"line":143,"column":4},"end":{"line":143,"column":47}},"68":{"start":{"line":144,"column":4},"end":{"line":144,"column":74}},"69":{"start":{"line":147,"column":2},"end":{"line":156,"column":5}},"70":{"start":{"line":148,"column":22},"end":{"line":148,"column":42}},"71":{"start":{"line":149,"column":4},"end":{"line":151,"column":5}},"72":{"start":{"line":150,"column":6},"end":{"line":150,"column":74}},"73":{"start":{"line":152,"column":4},"end":{"line":155,"column":7}},"74":{"start":{"line":158,"column":2},"end":{"line":158,"column":29}},"75":{"start":{"line":161,"column":2},"end":{"line":171,"column":5}},"76":{"start":{"line":162,"column":4},"end":{"line":164,"column":5}},"77":{"start":{"line":163,"column":6},"end":{"line":163,"column":59}},"78":{"start":{"line":166,"column":4},"end":{"line":170,"column":7}},"79":{"start":{"line":167,"column":6},"end":{"line":169,"column":7}},"80":{"start":{"line":168,"column":8},"end":{"line":168,"column":76}},"81":{"start":{"line":173,"column":2},"end":{"line":173,"column":33}},"82":{"start":{"line":176,"column":0},"end":{"line":176,"column":34}}},"fnMap":{"0":{"name":"(anonymous_0)","decl":{"start":{"line":20,"column":21},"end":{"line":20,"column":22}},"loc":{"start":{"line":20,"column":38},"end":{"line":174,"column":1}},"line":20},"1":{"name":"(anonymous_1)","decl":{"start":{"line":48,"column":21},"end":{"line":48,"column":22}},"loc":{"start":{"line":48,"column":36},"end":{"line":50,"column":3}},"line":48},"2":{"name":"(anonymous_2)","decl":{"start":{"line":55,"column":24},"end":{"line":55,"column":25}},"loc":{"start":{"line":55,"column":39},"end":{"line":57,"column":3}},"line":55},"3":{"name":"(anonymous_3)","decl":{"start":{"line":59,"column":34},"end":{"line":59,"column":35}},"loc":{"start":{"line":59,"column":48},"end":{"line":71,"column":3}},"line":59},"4":{"name":"(anonymous_4)","decl":{"start":{"line":73,"column":33},"end":{"line":73,"column":34}},"loc":{"start":{"line":73,"column":47},"end":{"line":80,"column":3}},"line":73},"5":{"name":"(anonymous_5)","decl":{"start":{"line":82,"column":42},"end":{"line":82,"column":43}},"loc":{"start":{"line":82,"column":56},"end":{"line":92,"column":3}},"line":82},"6":{"name":"(anonymous_6)","decl":{"start":{"line":94,"column":30},"end":{"line":94,"column":31}},"loc":{"start":{"line":94,"column":44},"end":{"line":107,"column":3}},"line":94},"7":{"name":"(anonymous_7)","decl":{"start":{"line":109,"column":33},"end":{"line":109,"column":34}},"loc":{"start":{"line":109,"column":47},"end":{"line":119,"column":3}},"line":109},"8":{"name":"(anonymous_8)","decl":{"start":{"line":121,"column":32},"end":{"line":121,"column":33}},"loc":{"start":{"line":121,"column":46},"end":{"line":145,"column":3}},"line":121},"9":{"name":"(anonymous_9)","decl":{"start":{"line":147,"column":26},"end":{"line":147,"column":27}},"loc":{"start":{"line":147,"column":40},"end":{"line":156,"column":3}},"line":147},"10":{"name":"(anonymous_10)","decl":{"start":{"line":161,"column":22},"end":{"line":161,"column":23}},"loc":{"start":{"line":161,"column":34},"end":{"line":171,"column":3}},"line":161},"11":{"name":"(anonymous_11)","decl":{"start":{"line":166,"column":28},"end":{"line":166,"column":29}},"loc":{"start":{"line":166,"column":40},"end":{"line":170,"column":5}},"line":166}},"branchMap":{"0":{"loc":{"start":{"line":20,"column":22},"end":{"line":20,"column":33}},"type":"default-arg","locations":[{"start":{"line":20,"column":31},"end":{"line":20,"column":33}}],"line":20},"1":{"loc":{"start":{"line":26,"column":14},"end":{"line":26,"column":88}},"type":"binary-expr","locations":[{"start":{"line":26,"column":14},"end":{"line":26,"column":34}},{"start":{"line":26,"column":38},"end":{"line":26,"column":88}}],"line":26},"2":{"loc":{"start":{"line":36,"column":14},"end":{"line":36,"column":41}},"type":"binary-expr","locations":[{"start":{"line":36,"column":14},"end":{"line":36,"column":34}},{"start":{"line":36,"column":38},"end":{"line":36,"column":41}}],"line":36},"3":{"loc":{"start":{"line":42,"column":17},"end":{"line":42,"column":42}},"type":"binary-expr","locations":[{"start":{"line":42,"column":17},"end":{"line":42,"column":33}},{"start":{"line":42,"column":37},"end":{"line":42,"column":42}}],"line":42},"4":{"loc":{"start":{"line":60,"column":22},"end":{"line":60,"column":36}},"type":"binary-expr","locations":[{"start":{"line":60,"column":22},"end":{"line":60,"column":30}},{"start":{"line":60,"column":34},"end":{"line":60,"column":36}}],"line":60},"5":{"loc":{"start":{"line":61,"column":4},"end":{"line":63,"column":5}},"type":"if","locations":[{"start":{"line":61,"column":4},"end":{"line":63,"column":5}},{"start":{},"end":{}}],"line":61},"6":{"loc":{"start":{"line":61,"column":8},"end":{"line":61,"column":43}},"type":"binary-expr","locations":[{"start":{"line":61,"column":8},"end":{"line":61,"column":14}},{"start":{"line":61,"column":18},"end":{"line":61,"column":43}}],"line":61},"7":{"loc":{"start":{"line":75,"column":4},"end":{"line":77,"column":5}},"type":"if","locations":[{"start":{"line":75,"column":4},"end":{"line":77,"column":5}},{"start":{},"end":{}}],"line":75},"8":{"loc":{"start":{"line":85,"column":4},"end":{"line":87,"column":5}},"type":"if","locations":[{"start":{"line":85,"column":4},"end":{"line":87,"column":5}},{"start":{},"end":{}}],"line":85},"9":{"loc":{"start":{"line":97,"column":4},"end":{"line":99,"column":5}},"type":"if","locations":[{"start":{"line":97,"column":4},"end":{"line":99,"column":5}},{"start":{},"end":{}}],"line":97},"10":{"loc":{"start":{"line":105,"column":23},"end":{"line":105,"column":57}},"type":"binary-expr","locations":[{"start":{"line":105,"column":23},"end":{"line":105,"column":49}},{"start":{"line":105,"column":53},"end":{"line":105,"column":57}}],"line":105},"11":{"loc":{"start":{"line":111,"column":4},"end":{"line":113,"column":5}},"type":"if","locations":[{"start":{"line":111,"column":4},"end":{"line":113,"column":5}},{"start":{},"end":{}}],"line":111},"12":{"loc":{"start":{"line":122,"column":65},"end":{"line":122,"column":79}},"type":"binary-expr","locations":[{"start":{"line":122,"column":65},"end":{"line":122,"column":73}},{"start":{"line":122,"column":77},"end":{"line":122,"column":79}}],"line":122},"13":{"loc":{"start":{"line":123,"column":30},"end":{"line":123,"column":55}},"type":"binary-expr","locations":[{"start":{"line":123,"column":30},"end":{"line":123,"column":42}},{"start":{"line":123,"column":46},"end":{"line":123,"column":55}}],"line":123},"14":{"loc":{"start":{"line":124,"column":4},"end":{"line":126,"column":5}},"type":"if","locations":[{"start":{"line":124,"column":4},"end":{"line":126,"column":5}},{"start":{},"end":{}}],"line":124},"15":{"loc":{"start":{"line":124,"column":8},"end":{"line":124,"column":45}},"type":"binary-expr","locations":[{"start":{"line":124,"column":8},"end":{"line":124,"column":26}},{"start":{"line":124,"column":30},"end":{"line":124,"column":33}},{"start":{"line":124,"column":37},"end":{"line":124,"column":45}}],"line":124},"16":{"loc":{"start":{"line":127,"column":4},"end":{"line":133,"column":5}},"type":"if","locations":[{"start":{"line":127,"column":4},"end":{"line":133,"column":5}},{"start":{},"end":{}}],"line":127},"17":{"loc":{"start":{"line":141,"column":20},"end":{"line":141,"column":59}},"type":"binary-expr","locations":[{"start":{"line":141,"column":20},"end":{"line":141,"column":53}},{"start":{"line":141,"column":57},"end":{"line":141,"column":59}}],"line":141},"18":{"loc":{"start":{"line":149,"column":4},"end":{"line":151,"column":5}},"type":"if","locations":[{"start":{"line":149,"column":4},"end":{"line":151,"column":5}},{"start":{},"end":{}}],"line":149},"19":{"loc":{"start":{"line":154,"column":16},"end":{"line":154,"column":47}},"type":"binary-expr","locations":[{"start":{"line":154,"column":16},"end":{"line":154,"column":41}},{"start":{"line":154,"column":45},"end":{"line":154,"column":47}}],"line":154},"20":{"loc":{"start":{"line":162,"column":4},"end":{"line":164,"column":5}},"type":"if","locations":[{"start":{"line":162,"column":4},"end":{"line":164,"column":5}},{"start":{},"end":{}}],"line":162},"21":{"loc":{"start":{"line":167,"column":6},"end":{"line":169,"column":7}},"type":"if","locations":[{"start":{"line":167,"column":6},"end":{"line":169,"column":7}},{"start":{},"end":{}}],"line":167}},"s":{"0":1,"1":1,"2":1,"3":1,"4":1,"5":1,"6":1,"7":1,"8":1,"9":2,"10":2,"11":2,"12":2,"13":2,"14":2,"15":2,"16":2,"17":2,"18":2,"19":2,"20":1,"21":2,"22":2,"23":0,"24":2,"25":1,"26":1,"27":0,"28":1,"29":1,"30":1,"31":2,"32":1,"33":1,"34":0,"35":1,"36":1,"37":2,"38":0,"39":0,"40":0,"41":0,"42":0,"43":0,"44":0,"45":0,"46":2,"47":1,"48":1,"49":1,"50":0,"51":1,"52":2,"53":0,"54":0,"55":0,"56":0,"57":2,"58":1,"59":1,"60":1,"61":0,"62":1,"63":0,"64":1,"65":1,"66":1,"67":1,"68":1,"69":2,"70":1,"71":1,"72":0,"73":1,"74":2,"75":2,"76":0,"77":0,"78":0,"79":0,"80":0,"81":2,"82":1},"f":{"0":2,"1":1,"2":0,"3":1,"4":1,"5":0,"6":1,"7":0,"8":1,"9":1,"10":0,"11":0},"b":{"0":[0],"1":[2,2],"2":[2,2],"3":[2,0],"4":[1,0],"5":[0,1],"6":[1,1],"7":[0,1],"8":[0,0],"9":[0,1],"10":[1,1],"11":[0,0],"12":[1,0],"13":[1,0],"14":[0,1],"15":[1,1,1],"16":[0,1],"17":[1,1],"18":[0,1],"19":[1,0],"20":[0,0],"21":[0,0]},"_coverageSchema":"1a1c01bbd47fc00a2c39e90264f33305004495a9","hash":"79b350b0972eb6bd57b988b33e5903dce289cab3"}
}
