TN:
SF:src/server.js
FN:20,(anonymous_0)
FN:48,(anonymous_1)
FN:55,(anonymous_2)
FN:59,(anonymous_3)
FN:73,(anonymous_4)
FN:82,(anonymous_5)
FN:94,(anonymous_6)
FN:109,(anonymous_7)
FN:121,(anonymous_8)
FN:147,(anonymous_9)
FN:161,(anonymous_10)
FN:166,(anonymous_11)
FNF:12
FNH:7
FNDA:2,(anonymous_0)
FNDA:1,(anonymous_1)
FNDA:0,(anonymous_2)
FNDA:1,(anonymous_3)
FNDA:1,(anonymous_4)
FNDA:0,(anonymous_5)
FNDA:1,(anonymous_6)
FNDA:0,(anonymous_7)
FNDA:1,(anonymous_8)
FNDA:1,(anonymous_9)
FNDA:0,(anonymous_10)
FNDA:0,(anonymous_11)
DA:10,1
DA:12,1
DA:13,1
DA:14,1
DA:15,1
DA:16,1
DA:17,1
DA:18,1
DA:20,1
DA:21,2
DA:22,2
DA:24,2
DA:33,2
DA:34,2
DA:40,2
DA:41,2
DA:42,2
DA:44,2
DA:45,2
DA:48,2
DA:49,1
DA:53,2
DA:55,2
DA:56,0
DA:59,2
DA:60,1
DA:61,1
DA:62,0
DA:64,1
DA:65,1
DA:70,1
DA:73,2
DA:74,1
DA:75,1
DA:76,0
DA:78,1
DA:79,1
DA:82,2
DA:83,0
DA:84,0
DA:85,0
DA:86,0
DA:88,0
DA:89,0
DA:90,0
DA:91,0
DA:94,2
DA:95,1
DA:96,1
DA:97,1
DA:98,0
DA:100,1
DA:109,2
DA:110,0
DA:111,0
DA:112,0
DA:114,0
DA:121,2
DA:122,1
DA:123,1
DA:124,1
DA:125,0
DA:127,1
DA:128,0
DA:134,1
DA:141,1
DA:142,1
DA:143,1
DA:144,1
DA:147,2
DA:148,1
DA:149,1
DA:150,0
DA:152,1
DA:158,2
DA:161,2
DA:162,0
DA:163,0
DA:166,0
DA:167,0
DA:168,0
DA:173,2
DA:176,1
LF:83
LH:59
BRDA:20,0,0,0
BRDA:26,1,0,2
BRDA:26,1,1,2
BRDA:36,2,0,2
BRDA:36,2,1,2
BRDA:42,3,0,2
BRDA:42,3,1,0
BRDA:60,4,0,1
BRDA:60,4,1,0
BRDA:61,5,0,0
BRDA:61,5,1,1
BRDA:61,6,0,1
BRDA:61,6,1,1
BRDA:75,7,0,0
BRDA:75,7,1,1
BRDA:85,8,0,0
BRDA:85,8,1,0
BRDA:97,9,0,0
BRDA:97,9,1,1
BRDA:105,10,0,1
BRDA:105,10,1,1
BRDA:111,11,0,0
BRDA:111,11,1,0
BRDA:122,12,0,1
BRDA:122,12,1,0
BRDA:123,13,0,1
BRDA:123,13,1,0
BRDA:124,14,0,0
BRDA:124,14,1,1
BRDA:124,15,0,1
BRDA:124,15,1,1
BRDA:124,15,2,1
BRDA:127,16,0,0
BRDA:127,16,1,1
BRDA:141,17,0,1
BRDA:141,17,1,1
BRDA:149,18,0,0
BRDA:149,18,1,1
BRDA:154,19,0,1
BRDA:154,19,1,0
BRDA:162,20,0,0
BRDA:162,20,1,0
BRDA:167,21,0,0
BRDA:167,21,1,0
BRF:44
BRH:24
end_of_record
